open -sv {M:\IC\TFE4152_project_2022\HDL\BitCell\BitCell\src\bitcell.sv}
open -html {M:\IC\TFE4152_project_2022\HDL\BitCell\BitCell\src\code2graphics.htm}
open -txt {M:\IC\TFE4152_project_2022\HDL\BitCell\BitCell\src\mega.ref}
open -sv {M:\IC\TFE4152_project_2022\HDL\BitCell\BitCell\src\sr_latch.sv}
# Error: You do not have valid license to run C Code Debug.
# Error: Contact Aldec for ordering information sales@aldec.com
# Error: You do not have valid license to run C Code Debug.
# Error: Contact Aldec for ordering information sales@aldec.com
alog -O2 -sve   -work Memory $dsn/src/Memory.sv
# Warning: The source is compiled without the -dbg switch. Line breakpoints and assertion debug will not be available.
# Compile...
# Pass 1. Scanning modules hierarchy.
# Error: VCP2000 Memory.sv : (37, 65): Syntax error. Unexpected token: output[_OUTPUT]. Expected tokens: '[' , ')' , ',' , ';' , '='.
# Error: VCP2000 Memory.sv : (37, 85): Syntax error. Unexpected token: ). Expected tokens: '=' , '[' , ',' , ';'.
# Error: VCP2000 Memory.sv : (47, 13): Syntax error. Unexpected token: generate[_GENERATE]. Expected tokens: ';' , 'checker' , 'function' , 'task' , 'timeprecision' ... .
# Error: VCP2000 Memory.sv : (48, 25): Syntax error. Unexpected token: i[_IDENTIFIER]. Expected tokens: ';' , 'checker' , 'function' , 'task' , 'timeprecision' ... .
# Error: VCP2000 Memory.sv : (49, 29): Syntax error. Unexpected token: j[_IDENTIFIER]. Expected tokens: ';' , 'checker' , 'function' , 'task' , 'timeprecision' ... .
# Compile failure 5 Errors 0 Warnings  Analysis time: 0[s].
alog -O2 -sve   -work Memory $dsn/src/Memory.sv
# Warning: The source is compiled without the -dbg switch. Line breakpoints and assertion debug will not be available.
# Compile...
# Pass 1. Scanning modules hierarchy.
# Error: VCP2000 Memory.sv : (48, 16): Syntax error. Unexpected token: int[_INT]. The 'int' is a SystemVerilog keyword and cannot be used as an identifier. Use -v2k5, -v2k or -v95 argument for Verilog compilation.
# Error: VCP2000 Memory.sv : (48, 27): Syntax error. Unexpected token: <[O_LESS]. Expected tokens: ':' , '#' , '(' , ',' , ';' ... .
# Error: VCP2000 Memory.sv : (48, 39): Syntax error. Unexpected token: ++[O_INC]. Expected tokens: ':' , '#' , '(' , ',' , ';' ... .
# Error: VCP2000 Memory.sv : (49, 31): Syntax error. Unexpected token: <[O_LESS]. Expected tokens: ':' , '#' , '(' , ',' , ';' ... .
# Error: VCP2000 Memory.sv : (49, 43): Syntax error. Unexpected token: ++[O_INC]. Expected tokens: ':' , '#' , '(' , ',' , ';' ... .
# Error: VCP2020 Memory.sv : (51, 16): begin...end pair(s) mismatch detected. 1 <end> tokens are missing.
# Error: VCP2020 Memory.sv : (51, 16): module/macromodule...endmodule pair(s) mismatch detected. 1 <endmodule> tokens are missing.
# Error: VCP2020 Memory.sv : (51, 16): generate...endgenerate pair(s) mismatch detected. 1 <endgenerate> tokens are missing.
# Error: VCP2000 Memory.sv : (51, 16): Syntax error. Unexpected token: end[_END]. Expected tokens: 'endmodule' , ';' , 'always' , 'and' , 'assign' ... .
# Warning: VCP2515 Memory.sv : (48, 35): Undefined module: length was used. Port connection rules will not be checked at such instantiations.
# Warning: VCP2515 Memory.sv : (49, 39): Undefined module: height was used. Port connection rules will not be checked at such instantiations.
# Compile failure 9 Errors 2 Warnings  Analysis time: 0[s].
alog -O2 -sve   -work Memory $dsn/src/Memory.sv
# Warning: The source is compiled without the -dbg switch. Line breakpoints and assertion debug will not be available.
# Compile...
# Pass 1. Scanning modules hierarchy.
# Pass 2. Processing instantiations.
# Error: VCP5103 Memory.sv : (48, 37): Undeclared identifier: length.
# Compile failure 1 Errors 0 Warnings  Analysis time: 0[s].
alog -O2 -sve   -work Memory $dsn/src/Memory.sv
# Warning: The source is compiled without the -dbg switch. Line breakpoints and assertion debug will not be available.
# Compile...
# Pass 1. Scanning modules hierarchy.
# Pass 2. Processing instantiations.
# Pass 3. Processing behavioral statements.
# Running Optimizer.
# ELB/DAG code generating.
# Unit top modules: Decoder Memory_tb.
# $root top modules: Decoder Memory_tb.
# Compile success 0 Errors 0 Warnings  Analysis time: 1[s].
# done
# ELBREAD: Elaboration process.
# ELBREAD: Elaboration time 0.0 [s].
# ELBREAD: Elaboration process.
# ELBREAD: Elaboration time 0.0 [s].
# ELBREAD: Elaboration process.
# ELBREAD: Elaboration time 0.0 [s].
asim -O5 +access +r +m+Memory_tb Memory_tb
# ELBREAD: Elaboration process.
# ELBREAD: Elaboration time 0.0 [s].
# asim: Stack memory: 32MB
# asim: Retval memory: 32MB
# 
# KERNEL: Main thread initiated.
# KERNEL: Kernel process initialization phase.
# KERNEL: Time resolution set to 1ps.
# ELAB2: Elaboration final pass...
# ELAB2: Create instances ...
# ELAB2: Create instances complete.
# SLP: Started
# SLP: Elaboration phase ...
# SLP: Warning: Memory.sv (52): Index of bit-select [8] is out of range [7:0] of 'outputs'.
# SLP: Warning: Memory.sv (52): Index of bit-select [9] is out of range [7:0] of 'outputs'.
# SLP: Warning: Memory.sv (52): Index of bit-select [10] is out of range [7:0] of 'outputs'.
# SLP: Warning: Memory.sv (52): Index of bit-select [11] is out of range [7:0] of 'outputs'.
# SLP: Warning: Memory.sv (53): Index of bit-select [12] is out of range [7:0] of 'outputs'.
# SLP: Warning: Memory.sv (53): Index of bit-select [13] is out of range [7:0] of 'outputs'.
# SLP: Warning: Memory.sv (53): Index of bit-select [14] is out of range [7:0] of 'outputs'.
# SLP: Warning: Memory.sv (53): Index of bit-select [15] is out of range [7:0] of 'outputs'.
# SLP: Warning: Memory.sv (50): Index of bit-select [8] is out of range [7:0] of 'outputs'.
# SLP: Warning: Memory.sv (50): Index of bit-select [9] is out of range [7:0] of 'outputs'.
# SLP: Warning: Memory.sv (50): Index of bit-select [10] is out of range [7:0] of 'outputs'.
# SLP: Warning: Memory.sv (50): Index of bit-select [11] is out of range [7:0] of 'outputs'.
# SLP: Warning: Memory.sv (50): Index of bit-select [12] is out of range [7:0] of 'outputs'.
# SLP: Warning: Memory.sv (50): Index of bit-select [13] is out of range [7:0] of 'outputs'.
# SLP: Warning: Memory.sv (50): Index of bit-select [14] is out of range [7:0] of 'outputs'.
# SLP: Warning: Memory.sv (50): Index of bit-select [15] is out of range [7:0] of 'outputs'.
# SLP: Warning: Memory.sv (52): Index of bit-select [16] is out of range [7:0] of 'outputs'.
# SLP: Warning: Memory.sv (52): Index of bit-select [17] is out of range [7:0] of 'outputs'.
# SLP: Warning: Memory.sv (52): Index of bit-select [18] is out of range [7:0] of 'outputs'.
# SLP: Warning: Memory.sv (52): Index of bit-select [19] is out of range [7:0] of 'outputs'.
# SLP: Warning: Memory.sv (53): Index of bit-select [20] is out of range [7:0] of 'outputs'.
# SLP: Warning: Memory.sv (53): Index of bit-select [21] is out of range [7:0] of 'outputs'.
# SLP: Warning: Memory.sv (53): Index of bit-select [22] is out of range [7:0] of 'outputs'.
# SLP: Warning: Memory.sv (53): Index of bit-select [23] is out of range [7:0] of 'outputs'.
# SLP: Warning: Memory.sv (50): Index of bit-select [16] is out of range [7:0] of 'outputs'.
# SLP: Warning: Memory.sv (50): Index of bit-select [17] is out of range [7:0] of 'outputs'.
# SLP: Warning: Memory.sv (50): Index of bit-select [18] is out of range [7:0] of 'outputs'.
# SLP: Warning: Memory.sv (50): Index of bit-select [19] is out of range [7:0] of 'outputs'.
# SLP: Warning: Memory.sv (50): Index of bit-select [20] is out of range [7:0] of 'outputs'.
# SLP: Warning: Memory.sv (50): Index of bit-select [21] is out of range [7:0] of 'outputs'.
# SLP: Warning: Memory.sv (50): Index of bit-select [22] is out of range [7:0] of 'outputs'.
# SLP: Warning: Memory.sv (50): Index of bit-select [23] is out of range [7:0] of 'outputs'.
# SLP: Warning: Memory.sv (52): Index of bit-select [24] is out of range [7:0] of 'outputs'.
# SLP: Warning: Memory.sv (52): Index of bit-select [25] is out of range [7:0] of 'outputs'.
# SLP: Warning: Memory.sv (52): Index of bit-select [26] is out of range [7:0] of 'outputs'.
# SLP: Warning: Memory.sv (52): Index of bit-select [27] is out of range [7:0] of 'outputs'.
# SLP: Warning: Memory.sv (53): Index of bit-select [28] is out of range [7:0] of 'outputs'.
# SLP: Warning: Memory.sv (53): Index of bit-select [29] is out of range [7:0] of 'outputs'.
# SLP: Warning: Memory.sv (53): Index of bit-select [30] is out of range [7:0] of 'outputs'.
# SLP: Warning: Memory.sv (53): Index of bit-select [31] is out of range [7:0] of 'outputs'.
# SLP: Warning: Memory.sv (50): Index of bit-select [24] is out of range [7:0] of 'outputs'.
# SLP: Warning: Memory.sv (50): Index of bit-select [25] is out of range [7:0] of 'outputs'.
# SLP: Warning: Memory.sv (50): Index of bit-select [26] is out of range [7:0] of 'outputs'.
# SLP: Warning: Memory.sv (50): Index of bit-select [27] is out of range [7:0] of 'outputs'.
# SLP: Warning: Memory.sv (50): Index of bit-select [28] is out of range [7:0] of 'outputs'.
# SLP: Warning: Memory.sv (50): Index of bit-select [29] is out of range [7:0] of 'outputs'.
# SLP: Warning: Memory.sv (50): Index of bit-select [30] is out of range [7:0] of 'outputs'.
# SLP: Warning: Memory.sv (50): Index of bit-select [31] is out of range [7:0] of 'outputs'.
# SLP: Warning: Memory.sv (52): Index of bit-select [32] is out of range [7:0] of 'outputs'.
# SLP: Warning: Memory.sv (52): Index of bit-select [33] is out of range [7:0] of 'outputs'.
# SLP: Warning: Memory.sv (52): Index of bit-select [34] is out of range [7:0] of 'outputs'.
# SLP: Warning: Memory.sv (52): Index of bit-select [35] is out of range [7:0] of 'outputs'.
# SLP: Warning: Memory.sv (53): Index of bit-select [36] is out of range [7:0] of 'outputs'.
# SLP: Warning: Memory.sv (53): Index of bit-select [37] is out of range [7:0] of 'outputs'.
# SLP: Warning: Memory.sv (53): Index of bit-select [38] is out of range [7:0] of 'outputs'.
# SLP: Warning: Memory.sv (53): Index of bit-select [39] is out of range [7:0] of 'outputs'.
# SLP: Warning: Memory.sv (50): Index of bit-select [32] is out of range [7:0] of 'outputs'.
# SLP: Warning: Memory.sv (50): Index of bit-select [33] is out of range [7:0] of 'outputs'.
# SLP: Warning: Memory.sv (50): Index of bit-select [34] is out of range [7:0] of 'outputs'.
# SLP: Warning: Memory.sv (50): Index of bit-select [35] is out of range [7:0] of 'outputs'.
# SLP: Warning: Memory.sv (50): Index of bit-select [36] is out of range [7:0] of 'outputs'.
# SLP: Warning: Memory.sv (50): Index of bit-select [37] is out of range [7:0] of 'outputs'.
# SLP: Warning: Memory.sv (50): Index of bit-select [38] is out of range [7:0] of 'outputs'.
# SLP: Warning: Memory.sv (50): Index of bit-select [39] is out of range [7:0] of 'outputs'.
# SLP: Warning: Memory.sv (52): Index of bit-select [40] is out of range [7:0] of 'outputs'.
# SLP: Warning: Memory.sv (52): Index of bit-select [41] is out of range [7:0] of 'outputs'.
# SLP: Warning: Memory.sv (52): Index of bit-select [42] is out of range [7:0] of 'outputs'.
# SLP: Warning: Memory.sv (52): Index of bit-select [43] is out of range [7:0] of 'outputs'.
# SLP: Warning: Memory.sv (53): Index of bit-select [44] is out of range [7:0] of 'outputs'.
# SLP: Warning: Memory.sv (53): Index of bit-select [45] is out of range [7:0] of 'outputs'.
# SLP: Warning: Memory.sv (53): Index of bit-select [46] is out of range [7:0] of 'outputs'.
# SLP: Warning: Memory.sv (53): Index of bit-select [47] is out of range [7:0] of 'outputs'.
# SLP: Warning: Memory.sv (50): Index of bit-select [40] is out of range [7:0] of 'outputs'.
# SLP: Warning: Memory.sv (50): Index of bit-select [41] is out of range [7:0] of 'outputs'.
# SLP: Warning: Memory.sv (50): Index of bit-select [42] is out of range [7:0] of 'outputs'.
# SLP: Warning: Memory.sv (50): Index of bit-select [43] is out of range [7:0] of 'outputs'.
# SLP: Warning: Memory.sv (50): Index of bit-select [44] is out of range [7:0] of 'outputs'.
# SLP: Warning: Memory.sv (50): Index of bit-select [45] is out of range [7:0] of 'outputs'.
# SLP: Warning: Memory.sv (50): Index of bit-select [46] is out of range [7:0] of 'outputs'.
# SLP: Warning: Memory.sv (50): Index of bit-select [47] is out of range [7:0] of 'outputs'.
# SLP: Warning: Memory.sv (52): Index of bit-select [48] is out of range [7:0] of 'outputs'.
# SLP: Warning: Memory.sv (52): Index of bit-select [49] is out of range [7:0] of 'outputs'.
# SLP: Warning: Memory.sv (52): Index of bit-select [50] is out of range [7:0] of 'outputs'.
# SLP: Warning: Memory.sv (52): Index of bit-select [51] is out of range [7:0] of 'outputs'.
# SLP: Warning: Memory.sv (53): Index of bit-select [52] is out of range [7:0] of 'outputs'.
# SLP: Warning: Memory.sv (53): Index of bit-select [53] is out of range [7:0] of 'outputs'.
# SLP: Warning: Memory.sv (53): Index of bit-select [54] is out of range [7:0] of 'outputs'.
# SLP: Warning: Memory.sv (53): Index of bit-select [55] is out of range [7:0] of 'outputs'.
# SLP: Warning: Memory.sv (50): Index of bit-select [48] is out of range [7:0] of 'outputs'.
# SLP: Warning: Memory.sv (50): Index of bit-select [49] is out of range [7:0] of 'outputs'.
# SLP: Warning: Memory.sv (50): Index of bit-select [50] is out of range [7:0] of 'outputs'.
# SLP: Warning: Memory.sv (50): Index of bit-select [51] is out of range [7:0] of 'outputs'.
# SLP: Warning: Memory.sv (50): Index of bit-select [52] is out of range [7:0] of 'outputs'.
# SLP: Warning: Memory.sv (50): Index of bit-select [53] is out of range [7:0] of 'outputs'.
# SLP: Warning: Memory.sv (50): Index of bit-select [54] is out of range [7:0] of 'outputs'.
# SLP: Warning: Memory.sv (50): Index of bit-select [55] is out of range [7:0] of 'outputs'.
# SLP: Warning: Memory.sv (52): Index of bit-select [56] is out of range [7:0] of 'outputs'.
# SLP: Warning: Memory.sv (52): Index of bit-select [57] is out of range [7:0] of 'outputs'.
# SLP: Warning: Memory.sv (52): Index of bit-select [58] is out of range [7:0] of 'outputs'.
# SLP: Warning: Memory.sv (52): Index of bit-select [59] is out of range [7:0] of 'outputs'.
# SLP: Warning: Memory.sv (53): Index of bit-select [60] is out of range [7:0] of 'outputs'.
# SLP: Warning: Memory.sv (53): Index of bit-select [61] is out of range [7:0] of 'outputs'.
# SLP: Warning: Memory.sv (53): Index of bit-select [62] is out of range [7:0] of 'outputs'.
# SLP: Warning: Memory.sv (53): Index of bit-select [63] is out of range [7:0] of 'outputs'.
# SLP: Warning: Memory.sv (50): Index of bit-select [56] is out of range [7:0] of 'outputs'.
# SLP: Warning: Memory.sv (50): Index of bit-select [57] is out of range [7:0] of 'outputs'.
# SLP: Warning: Memory.sv (50): Index of bit-select [58] is out of range [7:0] of 'outputs'.
# SLP: Warning: Memory.sv (50): Index of bit-select [59] is out of range [7:0] of 'outputs'.
# SLP: Warning: Memory.sv (50): Index of bit-select [60] is out of range [7:0] of 'outputs'.
# SLP: Warning: Memory.sv (50): Index of bit-select [61] is out of range [7:0] of 'outputs'.
# SLP: Warning: Memory.sv (50): Index of bit-select [62] is out of range [7:0] of 'outputs'.
# SLP: Warning: Memory.sv (50): Index of bit-select [63] is out of range [7:0] of 'outputs'.
# SLP: Error: Memory.sv (37): Variable 'outputs' has multiple continuous assignments.
# SLP: Fatal Error: Cannot continue elaboration due to previous errors
# SLP: Failed : 0.0 [s]
# KERNEL: Error: E8005 : Kernel process initialization failed.
# Error: Fatal error occurred during simulation initialization.
#  Simulation has been stopped
asim -O5 +access +r +m+Memory_tb Memory_tb
# ELBREAD: Elaboration process.
# ELBREAD: Elaboration time 0.0 [s].
# asim: Stack memory: 32MB
# asim: Retval memory: 32MB
# 
# KERNEL: Main thread initiated.
# KERNEL: Kernel process initialization phase.
# KERNEL: Time resolution set to 1ps.
# ELAB2: Elaboration final pass...
# ELAB2: Create instances ...
# ELAB2: Create instances complete.
# SLP: Started
# SLP: Elaboration phase ...
# SLP: Warning: Memory.sv (52): Index of bit-select [8] is out of range [7:0] of 'outputs'.
# SLP: Warning: Memory.sv (52): Index of bit-select [9] is out of range [7:0] of 'outputs'.
# SLP: Warning: Memory.sv (52): Index of bit-select [10] is out of range [7:0] of 'outputs'.
# SLP: Warning: Memory.sv (52): Index of bit-select [11] is out of range [7:0] of 'outputs'.
# SLP: Warning: Memory.sv (53): Index of bit-select [12] is out of range [7:0] of 'outputs'.
# SLP: Warning: Memory.sv (53): Index of bit-select [13] is out of range [7:0] of 'outputs'.
# SLP: Warning: Memory.sv (53): Index of bit-select [14] is out of range [7:0] of 'outputs'.
# SLP: Warning: Memory.sv (53): Index of bit-select [15] is out of range [7:0] of 'outputs'.
# SLP: Warning: Memory.sv (50): Index of bit-select [8] is out of range [7:0] of 'outputs'.
# SLP: Warning: Memory.sv (50): Index of bit-select [9] is out of range [7:0] of 'outputs'.
# SLP: Warning: Memory.sv (50): Index of bit-select [10] is out of range [7:0] of 'outputs'.
# SLP: Warning: Memory.sv (50): Index of bit-select [11] is out of range [7:0] of 'outputs'.
# SLP: Warning: Memory.sv (50): Index of bit-select [12] is out of range [7:0] of 'outputs'.
# SLP: Warning: Memory.sv (50): Index of bit-select [13] is out of range [7:0] of 'outputs'.
# SLP: Warning: Memory.sv (50): Index of bit-select [14] is out of range [7:0] of 'outputs'.
# SLP: Warning: Memory.sv (50): Index of bit-select [15] is out of range [7:0] of 'outputs'.
# SLP: Warning: Memory.sv (52): Index of bit-select [16] is out of range [7:0] of 'outputs'.
# SLP: Warning: Memory.sv (52): Index of bit-select [17] is out of range [7:0] of 'outputs'.
# SLP: Warning: Memory.sv (52): Index of bit-select [18] is out of range [7:0] of 'outputs'.
# SLP: Warning: Memory.sv (52): Index of bit-select [19] is out of range [7:0] of 'outputs'.
# SLP: Warning: Memory.sv (53): Index of bit-select [20] is out of range [7:0] of 'outputs'.
# SLP: Warning: Memory.sv (53): Index of bit-select [21] is out of range [7:0] of 'outputs'.
# SLP: Warning: Memory.sv (53): Index of bit-select [22] is out of range [7:0] of 'outputs'.
# SLP: Warning: Memory.sv (53): Index of bit-select [23] is out of range [7:0] of 'outputs'.
# SLP: Warning: Memory.sv (50): Index of bit-select [16] is out of range [7:0] of 'outputs'.
# SLP: Warning: Memory.sv (50): Index of bit-select [17] is out of range [7:0] of 'outputs'.
# SLP: Warning: Memory.sv (50): Index of bit-select [18] is out of range [7:0] of 'outputs'.
# SLP: Warning: Memory.sv (50): Index of bit-select [19] is out of range [7:0] of 'outputs'.
# SLP: Warning: Memory.sv (50): Index of bit-select [20] is out of range [7:0] of 'outputs'.
# SLP: Warning: Memory.sv (50): Index of bit-select [21] is out of range [7:0] of 'outputs'.
# SLP: Warning: Memory.sv (50): Index of bit-select [22] is out of range [7:0] of 'outputs'.
# SLP: Warning: Memory.sv (50): Index of bit-select [23] is out of range [7:0] of 'outputs'.
# SLP: Warning: Memory.sv (52): Index of bit-select [24] is out of range [7:0] of 'outputs'.
# SLP: Warning: Memory.sv (52): Index of bit-select [25] is out of range [7:0] of 'outputs'.
# SLP: Warning: Memory.sv (52): Index of bit-select [26] is out of range [7:0] of 'outputs'.
# SLP: Warning: Memory.sv (52): Index of bit-select [27] is out of range [7:0] of 'outputs'.
# SLP: Warning: Memory.sv (53): Index of bit-select [28] is out of range [7:0] of 'outputs'.
# SLP: Warning: Memory.sv (53): Index of bit-select [29] is out of range [7:0] of 'outputs'.
# SLP: Warning: Memory.sv (53): Index of bit-select [30] is out of range [7:0] of 'outputs'.
# SLP: Warning: Memory.sv (53): Index of bit-select [31] is out of range [7:0] of 'outputs'.
# SLP: Warning: Memory.sv (50): Index of bit-select [24] is out of range [7:0] of 'outputs'.
# SLP: Warning: Memory.sv (50): Index of bit-select [25] is out of range [7:0] of 'outputs'.
# SLP: Warning: Memory.sv (50): Index of bit-select [26] is out of range [7:0] of 'outputs'.
# SLP: Warning: Memory.sv (50): Index of bit-select [27] is out of range [7:0] of 'outputs'.
# SLP: Warning: Memory.sv (50): Index of bit-select [28] is out of range [7:0] of 'outputs'.
# SLP: Warning: Memory.sv (50): Index of bit-select [29] is out of range [7:0] of 'outputs'.
# SLP: Warning: Memory.sv (50): Index of bit-select [30] is out of range [7:0] of 'outputs'.
# SLP: Warning: Memory.sv (50): Index of bit-select [31] is out of range [7:0] of 'outputs'.
# SLP: Warning: Memory.sv (52): Index of bit-select [32] is out of range [7:0] of 'outputs'.
# SLP: Warning: Memory.sv (52): Index of bit-select [33] is out of range [7:0] of 'outputs'.
# SLP: Warning: Memory.sv (52): Index of bit-select [34] is out of range [7:0] of 'outputs'.
# SLP: Warning: Memory.sv (52): Index of bit-select [35] is out of range [7:0] of 'outputs'.
# SLP: Warning: Memory.sv (53): Index of bit-select [36] is out of range [7:0] of 'outputs'.
# SLP: Warning: Memory.sv (53): Index of bit-select [37] is out of range [7:0] of 'outputs'.
# SLP: Warning: Memory.sv (53): Index of bit-select [38] is out of range [7:0] of 'outputs'.
# SLP: Warning: Memory.sv (53): Index of bit-select [39] is out of range [7:0] of 'outputs'.
# SLP: Warning: Memory.sv (50): Index of bit-select [32] is out of range [7:0] of 'outputs'.
# SLP: Warning: Memory.sv (50): Index of bit-select [33] is out of range [7:0] of 'outputs'.
# SLP: Warning: Memory.sv (50): Index of bit-select [34] is out of range [7:0] of 'outputs'.
# SLP: Warning: Memory.sv (50): Index of bit-select [35] is out of range [7:0] of 'outputs'.
# SLP: Warning: Memory.sv (50): Index of bit-select [36] is out of range [7:0] of 'outputs'.
# SLP: Warning: Memory.sv (50): Index of bit-select [37] is out of range [7:0] of 'outputs'.
# SLP: Warning: Memory.sv (50): Index of bit-select [38] is out of range [7:0] of 'outputs'.
# SLP: Warning: Memory.sv (50): Index of bit-select [39] is out of range [7:0] of 'outputs'.
# SLP: Warning: Memory.sv (52): Index of bit-select [40] is out of range [7:0] of 'outputs'.
# SLP: Warning: Memory.sv (52): Index of bit-select [41] is out of range [7:0] of 'outputs'.
# SLP: Warning: Memory.sv (52): Index of bit-select [42] is out of range [7:0] of 'outputs'.
# SLP: Warning: Memory.sv (52): Index of bit-select [43] is out of range [7:0] of 'outputs'.
# SLP: Warning: Memory.sv (53): Index of bit-select [44] is out of range [7:0] of 'outputs'.
# SLP: Warning: Memory.sv (53): Index of bit-select [45] is out of range [7:0] of 'outputs'.
# SLP: Warning: Memory.sv (53): Index of bit-select [46] is out of range [7:0] of 'outputs'.
# SLP: Warning: Memory.sv (53): Index of bit-select [47] is out of range [7:0] of 'outputs'.
# SLP: Warning: Memory.sv (50): Index of bit-select [40] is out of range [7:0] of 'outputs'.
# SLP: Warning: Memory.sv (50): Index of bit-select [41] is out of range [7:0] of 'outputs'.
# SLP: Warning: Memory.sv (50): Index of bit-select [42] is out of range [7:0] of 'outputs'.
# SLP: Warning: Memory.sv (50): Index of bit-select [43] is out of range [7:0] of 'outputs'.
# SLP: Warning: Memory.sv (50): Index of bit-select [44] is out of range [7:0] of 'outputs'.
# SLP: Warning: Memory.sv (50): Index of bit-select [45] is out of range [7:0] of 'outputs'.
# SLP: Warning: Memory.sv (50): Index of bit-select [46] is out of range [7:0] of 'outputs'.
# SLP: Warning: Memory.sv (50): Index of bit-select [47] is out of range [7:0] of 'outputs'.
# SLP: Warning: Memory.sv (52): Index of bit-select [48] is out of range [7:0] of 'outputs'.
# SLP: Warning: Memory.sv (52): Index of bit-select [49] is out of range [7:0] of 'outputs'.
# SLP: Warning: Memory.sv (52): Index of bit-select [50] is out of range [7:0] of 'outputs'.
# SLP: Warning: Memory.sv (52): Index of bit-select [51] is out of range [7:0] of 'outputs'.
# SLP: Warning: Memory.sv (53): Index of bit-select [52] is out of range [7:0] of 'outputs'.
# SLP: Warning: Memory.sv (53): Index of bit-select [53] is out of range [7:0] of 'outputs'.
# SLP: Warning: Memory.sv (53): Index of bit-select [54] is out of range [7:0] of 'outputs'.
# SLP: Warning: Memory.sv (53): Index of bit-select [55] is out of range [7:0] of 'outputs'.
# SLP: Warning: Memory.sv (50): Index of bit-select [48] is out of range [7:0] of 'outputs'.
# SLP: Warning: Memory.sv (50): Index of bit-select [49] is out of range [7:0] of 'outputs'.
# SLP: Warning: Memory.sv (50): Index of bit-select [50] is out of range [7:0] of 'outputs'.
# SLP: Warning: Memory.sv (50): Index of bit-select [51] is out of range [7:0] of 'outputs'.
# SLP: Warning: Memory.sv (50): Index of bit-select [52] is out of range [7:0] of 'outputs'.
# SLP: Warning: Memory.sv (50): Index of bit-select [53] is out of range [7:0] of 'outputs'.
# SLP: Warning: Memory.sv (50): Index of bit-select [54] is out of range [7:0] of 'outputs'.
# SLP: Warning: Memory.sv (50): Index of bit-select [55] is out of range [7:0] of 'outputs'.
# SLP: Warning: Memory.sv (52): Index of bit-select [56] is out of range [7:0] of 'outputs'.
# SLP: Warning: Memory.sv (52): Index of bit-select [57] is out of range [7:0] of 'outputs'.
# SLP: Warning: Memory.sv (52): Index of bit-select [58] is out of range [7:0] of 'outputs'.
# SLP: Warning: Memory.sv (52): Index of bit-select [59] is out of range [7:0] of 'outputs'.
# SLP: Warning: Memory.sv (53): Index of bit-select [60] is out of range [7:0] of 'outputs'.
# SLP: Warning: Memory.sv (53): Index of bit-select [61] is out of range [7:0] of 'outputs'.
# SLP: Warning: Memory.sv (53): Index of bit-select [62] is out of range [7:0] of 'outputs'.
# SLP: Warning: Memory.sv (53): Index of bit-select [63] is out of range [7:0] of 'outputs'.
# SLP: Warning: Memory.sv (50): Index of bit-select [56] is out of range [7:0] of 'outputs'.
# SLP: Warning: Memory.sv (50): Index of bit-select [57] is out of range [7:0] of 'outputs'.
# SLP: Warning: Memory.sv (50): Index of bit-select [58] is out of range [7:0] of 'outputs'.
# SLP: Warning: Memory.sv (50): Index of bit-select [59] is out of range [7:0] of 'outputs'.
# SLP: Warning: Memory.sv (50): Index of bit-select [60] is out of range [7:0] of 'outputs'.
# SLP: Warning: Memory.sv (50): Index of bit-select [61] is out of range [7:0] of 'outputs'.
# SLP: Warning: Memory.sv (50): Index of bit-select [62] is out of range [7:0] of 'outputs'.
# SLP: Warning: Memory.sv (50): Index of bit-select [63] is out of range [7:0] of 'outputs'.
# SLP: Error: Memory.sv (37): Variable 'outputs' has multiple continuous assignments.
# SLP: Fatal Error: Cannot continue elaboration due to previous errors
# SLP: Failed : 0.1 [s]
# KERNEL: Error: E8005 : Kernel process initialization failed.
# Error: Fatal error occurred during simulation initialization.
#  Simulation has been stopped
asim -O5 +access +r +m+Memory_tb Memory_tb
# ELBREAD: Elaboration process.
# ELBREAD: Elaboration time 0.0 [s].
# asim: Stack memory: 32MB
# asim: Retval memory: 32MB
# 
# KERNEL: Main thread initiated.
# KERNEL: Kernel process initialization phase.
# KERNEL: Time resolution set to 1ps.
# ELAB2: Elaboration final pass...
# ELAB2: Create instances ...
# ELAB2: Create instances complete.
# SLP: Started
# SLP: Elaboration phase ...
# SLP: Warning: Memory.sv (52): Index of bit-select [8] is out of range [7:0] of 'outputs'.
# SLP: Warning: Memory.sv (52): Index of bit-select [9] is out of range [7:0] of 'outputs'.
# SLP: Warning: Memory.sv (52): Index of bit-select [10] is out of range [7:0] of 'outputs'.
# SLP: Warning: Memory.sv (52): Index of bit-select [11] is out of range [7:0] of 'outputs'.
# SLP: Warning: Memory.sv (53): Index of bit-select [12] is out of range [7:0] of 'outputs'.
# SLP: Warning: Memory.sv (53): Index of bit-select [13] is out of range [7:0] of 'outputs'.
# SLP: Warning: Memory.sv (53): Index of bit-select [14] is out of range [7:0] of 'outputs'.
# SLP: Warning: Memory.sv (53): Index of bit-select [15] is out of range [7:0] of 'outputs'.
# SLP: Warning: Memory.sv (50): Index of bit-select [8] is out of range [7:0] of 'outputs'.
# SLP: Warning: Memory.sv (50): Index of bit-select [9] is out of range [7:0] of 'outputs'.
# SLP: Warning: Memory.sv (50): Index of bit-select [10] is out of range [7:0] of 'outputs'.
# SLP: Warning: Memory.sv (50): Index of bit-select [11] is out of range [7:0] of 'outputs'.
# SLP: Warning: Memory.sv (50): Index of bit-select [12] is out of range [7:0] of 'outputs'.
# SLP: Warning: Memory.sv (50): Index of bit-select [13] is out of range [7:0] of 'outputs'.
# SLP: Warning: Memory.sv (50): Index of bit-select [14] is out of range [7:0] of 'outputs'.
# SLP: Warning: Memory.sv (50): Index of bit-select [15] is out of range [7:0] of 'outputs'.
# SLP: Warning: Memory.sv (52): Index of bit-select [16] is out of range [7:0] of 'outputs'.
# SLP: Warning: Memory.sv (52): Index of bit-select [17] is out of range [7:0] of 'outputs'.
# SLP: Warning: Memory.sv (52): Index of bit-select [18] is out of range [7:0] of 'outputs'.
# SLP: Warning: Memory.sv (52): Index of bit-select [19] is out of range [7:0] of 'outputs'.
# SLP: Warning: Memory.sv (53): Index of bit-select [20] is out of range [7:0] of 'outputs'.
# SLP: Warning: Memory.sv (53): Index of bit-select [21] is out of range [7:0] of 'outputs'.
# SLP: Warning: Memory.sv (53): Index of bit-select [22] is out of range [7:0] of 'outputs'.
# SLP: Warning: Memory.sv (53): Index of bit-select [23] is out of range [7:0] of 'outputs'.
# SLP: Warning: Memory.sv (50): Index of bit-select [16] is out of range [7:0] of 'outputs'.
# SLP: Warning: Memory.sv (50): Index of bit-select [17] is out of range [7:0] of 'outputs'.
# SLP: Warning: Memory.sv (50): Index of bit-select [18] is out of range [7:0] of 'outputs'.
# SLP: Warning: Memory.sv (50): Index of bit-select [19] is out of range [7:0] of 'outputs'.
# SLP: Warning: Memory.sv (50): Index of bit-select [20] is out of range [7:0] of 'outputs'.
# SLP: Warning: Memory.sv (50): Index of bit-select [21] is out of range [7:0] of 'outputs'.
# SLP: Warning: Memory.sv (50): Index of bit-select [22] is out of range [7:0] of 'outputs'.
# SLP: Warning: Memory.sv (50): Index of bit-select [23] is out of range [7:0] of 'outputs'.
# SLP: Warning: Memory.sv (52): Index of bit-select [24] is out of range [7:0] of 'outputs'.
# SLP: Warning: Memory.sv (52): Index of bit-select [25] is out of range [7:0] of 'outputs'.
# SLP: Warning: Memory.sv (52): Index of bit-select [26] is out of range [7:0] of 'outputs'.
# SLP: Warning: Memory.sv (52): Index of bit-select [27] is out of range [7:0] of 'outputs'.
# SLP: Warning: Memory.sv (53): Index of bit-select [28] is out of range [7:0] of 'outputs'.
# SLP: Warning: Memory.sv (53): Index of bit-select [29] is out of range [7:0] of 'outputs'.
# SLP: Warning: Memory.sv (53): Index of bit-select [30] is out of range [7:0] of 'outputs'.
# SLP: Warning: Memory.sv (53): Index of bit-select [31] is out of range [7:0] of 'outputs'.
# SLP: Warning: Memory.sv (50): Index of bit-select [24] is out of range [7:0] of 'outputs'.
# SLP: Warning: Memory.sv (50): Index of bit-select [25] is out of range [7:0] of 'outputs'.
# SLP: Warning: Memory.sv (50): Index of bit-select [26] is out of range [7:0] of 'outputs'.
# SLP: Warning: Memory.sv (50): Index of bit-select [27] is out of range [7:0] of 'outputs'.
# SLP: Warning: Memory.sv (50): Index of bit-select [28] is out of range [7:0] of 'outputs'.
# SLP: Warning: Memory.sv (50): Index of bit-select [29] is out of range [7:0] of 'outputs'.
# SLP: Warning: Memory.sv (50): Index of bit-select [30] is out of range [7:0] of 'outputs'.
# SLP: Warning: Memory.sv (50): Index of bit-select [31] is out of range [7:0] of 'outputs'.
# SLP: Warning: Memory.sv (52): Index of bit-select [32] is out of range [7:0] of 'outputs'.
# SLP: Warning: Memory.sv (52): Index of bit-select [33] is out of range [7:0] of 'outputs'.
# SLP: Warning: Memory.sv (52): Index of bit-select [34] is out of range [7:0] of 'outputs'.
# SLP: Warning: Memory.sv (52): Index of bit-select [35] is out of range [7:0] of 'outputs'.
# SLP: Warning: Memory.sv (53): Index of bit-select [36] is out of range [7:0] of 'outputs'.
# SLP: Warning: Memory.sv (53): Index of bit-select [37] is out of range [7:0] of 'outputs'.
# SLP: Warning: Memory.sv (53): Index of bit-select [38] is out of range [7:0] of 'outputs'.
# SLP: Warning: Memory.sv (53): Index of bit-select [39] is out of range [7:0] of 'outputs'.
# SLP: Warning: Memory.sv (50): Index of bit-select [32] is out of range [7:0] of 'outputs'.
# SLP: Warning: Memory.sv (50): Index of bit-select [33] is out of range [7:0] of 'outputs'.
# SLP: Warning: Memory.sv (50): Index of bit-select [34] is out of range [7:0] of 'outputs'.
# SLP: Warning: Memory.sv (50): Index of bit-select [35] is out of range [7:0] of 'outputs'.
# SLP: Warning: Memory.sv (50): Index of bit-select [36] is out of range [7:0] of 'outputs'.
# SLP: Warning: Memory.sv (50): Index of bit-select [37] is out of range [7:0] of 'outputs'.
# SLP: Warning: Memory.sv (50): Index of bit-select [38] is out of range [7:0] of 'outputs'.
# SLP: Warning: Memory.sv (50): Index of bit-select [39] is out of range [7:0] of 'outputs'.
# SLP: Warning: Memory.sv (52): Index of bit-select [40] is out of range [7:0] of 'outputs'.
# SLP: Warning: Memory.sv (52): Index of bit-select [41] is out of range [7:0] of 'outputs'.
# SLP: Warning: Memory.sv (52): Index of bit-select [42] is out of range [7:0] of 'outputs'.
# SLP: Warning: Memory.sv (52): Index of bit-select [43] is out of range [7:0] of 'outputs'.
# SLP: Warning: Memory.sv (53): Index of bit-select [44] is out of range [7:0] of 'outputs'.
# SLP: Warning: Memory.sv (53): Index of bit-select [45] is out of range [7:0] of 'outputs'.
# SLP: Warning: Memory.sv (53): Index of bit-select [46] is out of range [7:0] of 'outputs'.
# SLP: Warning: Memory.sv (53): Index of bit-select [47] is out of range [7:0] of 'outputs'.
# SLP: Warning: Memory.sv (50): Index of bit-select [40] is out of range [7:0] of 'outputs'.
# SLP: Warning: Memory.sv (50): Index of bit-select [41] is out of range [7:0] of 'outputs'.
# SLP: Warning: Memory.sv (50): Index of bit-select [42] is out of range [7:0] of 'outputs'.
# SLP: Warning: Memory.sv (50): Index of bit-select [43] is out of range [7:0] of 'outputs'.
# SLP: Warning: Memory.sv (50): Index of bit-select [44] is out of range [7:0] of 'outputs'.
# SLP: Warning: Memory.sv (50): Index of bit-select [45] is out of range [7:0] of 'outputs'.
# SLP: Warning: Memory.sv (50): Index of bit-select [46] is out of range [7:0] of 'outputs'.
# SLP: Warning: Memory.sv (50): Index of bit-select [47] is out of range [7:0] of 'outputs'.
# SLP: Warning: Memory.sv (52): Index of bit-select [48] is out of range [7:0] of 'outputs'.
# SLP: Warning: Memory.sv (52): Index of bit-select [49] is out of range [7:0] of 'outputs'.
# SLP: Warning: Memory.sv (52): Index of bit-select [50] is out of range [7:0] of 'outputs'.
# SLP: Warning: Memory.sv (52): Index of bit-select [51] is out of range [7:0] of 'outputs'.
# SLP: Warning: Memory.sv (53): Index of bit-select [52] is out of range [7:0] of 'outputs'.
# SLP: Warning: Memory.sv (53): Index of bit-select [53] is out of range [7:0] of 'outputs'.
# SLP: Warning: Memory.sv (53): Index of bit-select [54] is out of range [7:0] of 'outputs'.
# SLP: Warning: Memory.sv (53): Index of bit-select [55] is out of range [7:0] of 'outputs'.
# SLP: Warning: Memory.sv (50): Index of bit-select [48] is out of range [7:0] of 'outputs'.
# SLP: Warning: Memory.sv (50): Index of bit-select [49] is out of range [7:0] of 'outputs'.
# SLP: Warning: Memory.sv (50): Index of bit-select [50] is out of range [7:0] of 'outputs'.
# SLP: Warning: Memory.sv (50): Index of bit-select [51] is out of range [7:0] of 'outputs'.
# SLP: Warning: Memory.sv (50): Index of bit-select [52] is out of range [7:0] of 'outputs'.
# SLP: Warning: Memory.sv (50): Index of bit-select [53] is out of range [7:0] of 'outputs'.
# SLP: Warning: Memory.sv (50): Index of bit-select [54] is out of range [7:0] of 'outputs'.
# SLP: Warning: Memory.sv (50): Index of bit-select [55] is out of range [7:0] of 'outputs'.
# SLP: Warning: Memory.sv (52): Index of bit-select [56] is out of range [7:0] of 'outputs'.
# SLP: Warning: Memory.sv (52): Index of bit-select [57] is out of range [7:0] of 'outputs'.
# SLP: Warning: Memory.sv (52): Index of bit-select [58] is out of range [7:0] of 'outputs'.
# SLP: Warning: Memory.sv (52): Index of bit-select [59] is out of range [7:0] of 'outputs'.
# SLP: Warning: Memory.sv (53): Index of bit-select [60] is out of range [7:0] of 'outputs'.
# SLP: Warning: Memory.sv (53): Index of bit-select [61] is out of range [7:0] of 'outputs'.
# SLP: Warning: Memory.sv (53): Index of bit-select [62] is out of range [7:0] of 'outputs'.
# SLP: Warning: Memory.sv (53): Index of bit-select [63] is out of range [7:0] of 'outputs'.
# SLP: Warning: Memory.sv (50): Index of bit-select [56] is out of range [7:0] of 'outputs'.
# SLP: Warning: Memory.sv (50): Index of bit-select [57] is out of range [7:0] of 'outputs'.
# SLP: Warning: Memory.sv (50): Index of bit-select [58] is out of range [7:0] of 'outputs'.
# SLP: Warning: Memory.sv (50): Index of bit-select [59] is out of range [7:0] of 'outputs'.
# SLP: Warning: Memory.sv (50): Index of bit-select [60] is out of range [7:0] of 'outputs'.
# SLP: Warning: Memory.sv (50): Index of bit-select [61] is out of range [7:0] of 'outputs'.
# SLP: Warning: Memory.sv (50): Index of bit-select [62] is out of range [7:0] of 'outputs'.
# SLP: Warning: Memory.sv (50): Index of bit-select [63] is out of range [7:0] of 'outputs'.
# SLP: Error: Memory.sv (37): Variable 'outputs' has multiple continuous assignments.
# SLP: Fatal Error: Cannot continue elaboration due to previous errors
# SLP: Failed : 0.1 [s]
# KERNEL: Error: E8005 : Kernel process initialization failed.
# Error: Fatal error occurred during simulation initialization.
#  Simulation has been stopped
asim -O5 +access +r +m+Memory_tb Memory_tb
# ELBREAD: Elaboration process.
# ELBREAD: Elaboration time 0.0 [s].
# asim: Stack memory: 32MB
# asim: Retval memory: 32MB
# 
# KERNEL: Main thread initiated.
# KERNEL: Kernel process initialization phase.
# KERNEL: Time resolution set to 1ps.
# ELAB2: Elaboration final pass...
# ELAB2: Create instances ...
# ELAB2: Create instances complete.
# SLP: Started
# SLP: Elaboration phase ...
# SLP: Warning: Memory.sv (52): Index of bit-select [8] is out of range [7:0] of 'outputs'.
# SLP: Warning: Memory.sv (52): Index of bit-select [9] is out of range [7:0] of 'outputs'.
# SLP: Warning: Memory.sv (52): Index of bit-select [10] is out of range [7:0] of 'outputs'.
# SLP: Warning: Memory.sv (52): Index of bit-select [11] is out of range [7:0] of 'outputs'.
# SLP: Warning: Memory.sv (53): Index of bit-select [12] is out of range [7:0] of 'outputs'.
# SLP: Warning: Memory.sv (53): Index of bit-select [13] is out of range [7:0] of 'outputs'.
# SLP: Warning: Memory.sv (53): Index of bit-select [14] is out of range [7:0] of 'outputs'.
# SLP: Warning: Memory.sv (53): Index of bit-select [15] is out of range [7:0] of 'outputs'.
# SLP: Warning: Memory.sv (50): Index of bit-select [8] is out of range [7:0] of 'outputs'.
# SLP: Warning: Memory.sv (50): Index of bit-select [9] is out of range [7:0] of 'outputs'.
# SLP: Warning: Memory.sv (50): Index of bit-select [10] is out of range [7:0] of 'outputs'.
# SLP: Warning: Memory.sv (50): Index of bit-select [11] is out of range [7:0] of 'outputs'.
# SLP: Warning: Memory.sv (50): Index of bit-select [12] is out of range [7:0] of 'outputs'.
# SLP: Warning: Memory.sv (50): Index of bit-select [13] is out of range [7:0] of 'outputs'.
# SLP: Warning: Memory.sv (50): Index of bit-select [14] is out of range [7:0] of 'outputs'.
# SLP: Warning: Memory.sv (50): Index of bit-select [15] is out of range [7:0] of 'outputs'.
# SLP: Warning: Memory.sv (52): Index of bit-select [16] is out of range [7:0] of 'outputs'.
# SLP: Warning: Memory.sv (52): Index of bit-select [17] is out of range [7:0] of 'outputs'.
# SLP: Warning: Memory.sv (52): Index of bit-select [18] is out of range [7:0] of 'outputs'.
# SLP: Warning: Memory.sv (52): Index of bit-select [19] is out of range [7:0] of 'outputs'.
# SLP: Warning: Memory.sv (53): Index of bit-select [20] is out of range [7:0] of 'outputs'.
# SLP: Warning: Memory.sv (53): Index of bit-select [21] is out of range [7:0] of 'outputs'.
# SLP: Warning: Memory.sv (53): Index of bit-select [22] is out of range [7:0] of 'outputs'.
# SLP: Warning: Memory.sv (53): Index of bit-select [23] is out of range [7:0] of 'outputs'.
# SLP: Warning: Memory.sv (50): Index of bit-select [16] is out of range [7:0] of 'outputs'.
# SLP: Warning: Memory.sv (50): Index of bit-select [17] is out of range [7:0] of 'outputs'.
# SLP: Warning: Memory.sv (50): Index of bit-select [18] is out of range [7:0] of 'outputs'.
# SLP: Warning: Memory.sv (50): Index of bit-select [19] is out of range [7:0] of 'outputs'.
# SLP: Warning: Memory.sv (50): Index of bit-select [20] is out of range [7:0] of 'outputs'.
# SLP: Warning: Memory.sv (50): Index of bit-select [21] is out of range [7:0] of 'outputs'.
# SLP: Warning: Memory.sv (50): Index of bit-select [22] is out of range [7:0] of 'outputs'.
# SLP: Warning: Memory.sv (50): Index of bit-select [23] is out of range [7:0] of 'outputs'.
# SLP: Warning: Memory.sv (52): Index of bit-select [24] is out of range [7:0] of 'outputs'.
# SLP: Warning: Memory.sv (52): Index of bit-select [25] is out of range [7:0] of 'outputs'.
# SLP: Warning: Memory.sv (52): Index of bit-select [26] is out of range [7:0] of 'outputs'.
# SLP: Warning: Memory.sv (52): Index of bit-select [27] is out of range [7:0] of 'outputs'.
# SLP: Warning: Memory.sv (53): Index of bit-select [28] is out of range [7:0] of 'outputs'.
# SLP: Warning: Memory.sv (53): Index of bit-select [29] is out of range [7:0] of 'outputs'.
# SLP: Warning: Memory.sv (53): Index of bit-select [30] is out of range [7:0] of 'outputs'.
# SLP: Warning: Memory.sv (53): Index of bit-select [31] is out of range [7:0] of 'outputs'.
# SLP: Warning: Memory.sv (50): Index of bit-select [24] is out of range [7:0] of 'outputs'.
# SLP: Warning: Memory.sv (50): Index of bit-select [25] is out of range [7:0] of 'outputs'.
# SLP: Warning: Memory.sv (50): Index of bit-select [26] is out of range [7:0] of 'outputs'.
# SLP: Warning: Memory.sv (50): Index of bit-select [27] is out of range [7:0] of 'outputs'.
# SLP: Warning: Memory.sv (50): Index of bit-select [28] is out of range [7:0] of 'outputs'.
# SLP: Warning: Memory.sv (50): Index of bit-select [29] is out of range [7:0] of 'outputs'.
# SLP: Warning: Memory.sv (50): Index of bit-select [30] is out of range [7:0] of 'outputs'.
# SLP: Warning: Memory.sv (50): Index of bit-select [31] is out of range [7:0] of 'outputs'.
# SLP: Warning: Memory.sv (52): Index of bit-select [32] is out of range [7:0] of 'outputs'.
# SLP: Warning: Memory.sv (52): Index of bit-select [33] is out of range [7:0] of 'outputs'.
# SLP: Warning: Memory.sv (52): Index of bit-select [34] is out of range [7:0] of 'outputs'.
# SLP: Warning: Memory.sv (52): Index of bit-select [35] is out of range [7:0] of 'outputs'.
# SLP: Warning: Memory.sv (53): Index of bit-select [36] is out of range [7:0] of 'outputs'.
# SLP: Warning: Memory.sv (53): Index of bit-select [37] is out of range [7:0] of 'outputs'.
# SLP: Warning: Memory.sv (53): Index of bit-select [38] is out of range [7:0] of 'outputs'.
# SLP: Warning: Memory.sv (53): Index of bit-select [39] is out of range [7:0] of 'outputs'.
# SLP: Warning: Memory.sv (50): Index of bit-select [32] is out of range [7:0] of 'outputs'.
# SLP: Warning: Memory.sv (50): Index of bit-select [33] is out of range [7:0] of 'outputs'.
# SLP: Warning: Memory.sv (50): Index of bit-select [34] is out of range [7:0] of 'outputs'.
# SLP: Warning: Memory.sv (50): Index of bit-select [35] is out of range [7:0] of 'outputs'.
# SLP: Warning: Memory.sv (50): Index of bit-select [36] is out of range [7:0] of 'outputs'.
# SLP: Warning: Memory.sv (50): Index of bit-select [37] is out of range [7:0] of 'outputs'.
# SLP: Warning: Memory.sv (50): Index of bit-select [38] is out of range [7:0] of 'outputs'.
# SLP: Warning: Memory.sv (50): Index of bit-select [39] is out of range [7:0] of 'outputs'.
# SLP: Warning: Memory.sv (52): Index of bit-select [40] is out of range [7:0] of 'outputs'.
# SLP: Warning: Memory.sv (52): Index of bit-select [41] is out of range [7:0] of 'outputs'.
# SLP: Warning: Memory.sv (52): Index of bit-select [42] is out of range [7:0] of 'outputs'.
# SLP: Warning: Memory.sv (52): Index of bit-select [43] is out of range [7:0] of 'outputs'.
# SLP: Warning: Memory.sv (53): Index of bit-select [44] is out of range [7:0] of 'outputs'.
# SLP: Warning: Memory.sv (53): Index of bit-select [45] is out of range [7:0] of 'outputs'.
# SLP: Warning: Memory.sv (53): Index of bit-select [46] is out of range [7:0] of 'outputs'.
# SLP: Warning: Memory.sv (53): Index of bit-select [47] is out of range [7:0] of 'outputs'.
# SLP: Warning: Memory.sv (50): Index of bit-select [40] is out of range [7:0] of 'outputs'.
# SLP: Warning: Memory.sv (50): Index of bit-select [41] is out of range [7:0] of 'outputs'.
# SLP: Warning: Memory.sv (50): Index of bit-select [42] is out of range [7:0] of 'outputs'.
# SLP: Warning: Memory.sv (50): Index of bit-select [43] is out of range [7:0] of 'outputs'.
# SLP: Warning: Memory.sv (50): Index of bit-select [44] is out of range [7:0] of 'outputs'.
# SLP: Warning: Memory.sv (50): Index of bit-select [45] is out of range [7:0] of 'outputs'.
# SLP: Warning: Memory.sv (50): Index of bit-select [46] is out of range [7:0] of 'outputs'.
# SLP: Warning: Memory.sv (50): Index of bit-select [47] is out of range [7:0] of 'outputs'.
# SLP: Warning: Memory.sv (52): Index of bit-select [48] is out of range [7:0] of 'outputs'.
# SLP: Warning: Memory.sv (52): Index of bit-select [49] is out of range [7:0] of 'outputs'.
# SLP: Warning: Memory.sv (52): Index of bit-select [50] is out of range [7:0] of 'outputs'.
# SLP: Warning: Memory.sv (52): Index of bit-select [51] is out of range [7:0] of 'outputs'.
# SLP: Warning: Memory.sv (53): Index of bit-select [52] is out of range [7:0] of 'outputs'.
# SLP: Warning: Memory.sv (53): Index of bit-select [53] is out of range [7:0] of 'outputs'.
# SLP: Warning: Memory.sv (53): Index of bit-select [54] is out of range [7:0] of 'outputs'.
# SLP: Warning: Memory.sv (53): Index of bit-select [55] is out of range [7:0] of 'outputs'.
# SLP: Warning: Memory.sv (50): Index of bit-select [48] is out of range [7:0] of 'outputs'.
# SLP: Warning: Memory.sv (50): Index of bit-select [49] is out of range [7:0] of 'outputs'.
# SLP: Warning: Memory.sv (50): Index of bit-select [50] is out of range [7:0] of 'outputs'.
# SLP: Warning: Memory.sv (50): Index of bit-select [51] is out of range [7:0] of 'outputs'.
# SLP: Warning: Memory.sv (50): Index of bit-select [52] is out of range [7:0] of 'outputs'.
# SLP: Warning: Memory.sv (50): Index of bit-select [53] is out of range [7:0] of 'outputs'.
# SLP: Warning: Memory.sv (50): Index of bit-select [54] is out of range [7:0] of 'outputs'.
# SLP: Warning: Memory.sv (50): Index of bit-select [55] is out of range [7:0] of 'outputs'.
# SLP: Warning: Memory.sv (52): Index of bit-select [56] is out of range [7:0] of 'outputs'.
# SLP: Warning: Memory.sv (52): Index of bit-select [57] is out of range [7:0] of 'outputs'.
# SLP: Warning: Memory.sv (52): Index of bit-select [58] is out of range [7:0] of 'outputs'.
# SLP: Warning: Memory.sv (52): Index of bit-select [59] is out of range [7:0] of 'outputs'.
# SLP: Warning: Memory.sv (53): Index of bit-select [60] is out of range [7:0] of 'outputs'.
# SLP: Warning: Memory.sv (53): Index of bit-select [61] is out of range [7:0] of 'outputs'.
# SLP: Warning: Memory.sv (53): Index of bit-select [62] is out of range [7:0] of 'outputs'.
# SLP: Warning: Memory.sv (53): Index of bit-select [63] is out of range [7:0] of 'outputs'.
# SLP: Warning: Memory.sv (50): Index of bit-select [56] is out of range [7:0] of 'outputs'.
# SLP: Warning: Memory.sv (50): Index of bit-select [57] is out of range [7:0] of 'outputs'.
# SLP: Warning: Memory.sv (50): Index of bit-select [58] is out of range [7:0] of 'outputs'.
# SLP: Warning: Memory.sv (50): Index of bit-select [59] is out of range [7:0] of 'outputs'.
# SLP: Warning: Memory.sv (50): Index of bit-select [60] is out of range [7:0] of 'outputs'.
# SLP: Warning: Memory.sv (50): Index of bit-select [61] is out of range [7:0] of 'outputs'.
# SLP: Warning: Memory.sv (50): Index of bit-select [62] is out of range [7:0] of 'outputs'.
# SLP: Warning: Memory.sv (50): Index of bit-select [63] is out of range [7:0] of 'outputs'.
# SLP: Error: Memory.sv (37): Variable 'outputs' has multiple continuous assignments.
# SLP: Fatal Error: Cannot continue elaboration due to previous errors
# SLP: Failed : 0.1 [s]
# KERNEL: Error: E8005 : Kernel process initialization failed.
# Error: Fatal error occurred during simulation initialization.
#  Simulation has been stopped
# Error: You do not have valid license to run C Code Debug.
# Error: Contact Aldec for ordering information sales@aldec.com
alog -O2 -sve   -work Memory $dsn/src/Memory.sv
# Warning: The source is compiled without the -dbg switch. Line breakpoints and assertion debug will not be available.
# Compile...
# Pass 1. Scanning modules hierarchy.
# Info: VCP2113 Module \$root found in current working library.
# Error: VCP2000 Memory.sv : (38, 35): Syntax error. Unexpected token: [. Expected tokens: 'full_case' , 'parallel_case' , 'parallel_case full_case' , 'identifier' , 'user-defined type' ... .
# Warning: VCP2515 Memory.sv : (38, 44): Undefined module: out was used. Port connection rules will not be checked at such instantiations.
# Compile failure 1 Errors 1 Warnings  Analysis time: 0[s].
alog -O2 -sve   -work Memory $dsn/src/Memory.sv
# Warning: The source is compiled without the -dbg switch. Line breakpoints and assertion debug will not be available.
# Compile...
# Pass 1. Scanning modules hierarchy.
# Info: VCP2113 Module \$root found in current working library.
# Error: VCP2000 Memory.sv : (38, 34): Syntax error. Unexpected token: [. Expected tokens: 'full_case' , 'parallel_case' , 'parallel_case full_case' , 'identifier' , 'user-defined type' ... .
# Warning: VCP2515 Memory.sv : (38, 43): Undefined module: out was used. Port connection rules will not be checked at such instantiations.
# Compile failure 1 Errors 1 Warnings  Analysis time: 0[s].
alog -O2 -sve   -work Memory $dsn/src/Memory.sv
# Warning: The source is compiled without the -dbg switch. Line breakpoints and assertion debug will not be available.
# Compile...
# Pass 1. Scanning modules hierarchy.
# Info: VCP2113 Module \$root found in current working library.
# Pass 2. Processing instantiations.
# Pass 3. Processing behavioral statements.
# Running Optimizer.
# ELB/DAG code generating.
# Info: VCP2113 Module \$root found in current working library.
# Unit top modules: Decoder Memory_tb.
# $root top modules: Decoder Memory_tb.
# Compile success 0 Errors 0 Warnings  Analysis time: 1[s].
# done
asim -O5 +access +r +m+Memory_tb Memory_tb
# ELBREAD: Elaboration process.
# ELBREAD: Elaboration time 0.0 [s].
# asim: Stack memory: 32MB
# asim: Retval memory: 32MB
# 
# KERNEL: Main thread initiated.
# KERNEL: Kernel process initialization phase.
# KERNEL: Time resolution set to 1ps.
# ELAB2: Elaboration final pass...
# ELAB2: Create instances ...
# ELAB2: Create instances complete.
# SLP: Started
# SLP: Elaboration phase ...
# SLP: Elaboration phase ... done : 0.0 [s]
# SLP: Generation phase ...
# SLP: Generation phase ... done : 0.5 [s]
# SLP: Finished : 0.6 [s]
# SLP: 472 (99.79%) primitives and 1 (0.21%) other processes in SLP
# SLP: 906 (100.00%) signals in SLP and 0 interface signals
# ELAB2: Elaboration final pass complete - time: 0.6 [s].
# KERNEL: SLP loading done - time: 0.1 [s].
# KERNEL: Warning: You are using the Active-HDL EDU Edition. The performance of simulation is running at a reduced rate.
# KERNEL: Warning: Contact Aldec for available upgrade options - sales@aldec.com.
# KERNEL: SLP simulation initialization done - time: 0.0 [s].
# KERNEL: Kernel process initialization done.
# Allocation: Simulator allocated 5808 kB (elbread=1026 elab2=4637 kernel=145 sdf=0)
# KERNEL: ASDB file was created in location m:\IC\TFE4152_project_2022\HDL\Memory\Memory\src\wave.asdb
#  15.25, sndag 13. november 2022
#  Simulation has been initialized
#  Selected Top-Level: Memory_tb (Memory_tb)
run
# KERNEL: Simulation has finished. There are no more test vectors to simulate.
run
# KERNEL: Simulation has finished. There are no more test vectors to simulate.
# 4 signal(s) traced.
# Waveform file 'untitled.awc' connected to 'm:/IC/TFE4152_project_2022/HDL/Memory/Memory/src/wave.asdb'.
run
# KERNEL: Simulation has finished. There are no more test vectors to simulate.
run 100 ns
# KERNEL: stopped at time: 100020 ps
# KERNEL: Simulation has finished. There are no more test vectors to simulate.
run 100 ns
# KERNEL: stopped at time: 200020 ps
# KERNEL: Simulation has finished. There are no more test vectors to simulate.
run
# KERNEL: Simulation has finished. There are no more test vectors to simulate.
endsim
#  Simulation has been stopped
alog -O2 -sve   -work Memory $dsn/src/Memory.sv
# Warning: The source is compiled without the -dbg switch. Line breakpoints and assertion debug will not be available.
# Compile...
# Pass 1. Scanning modules hierarchy.
# Info: VCP2113 Module \$root found in current working library.
# Pass 2. Processing instantiations.
# Pass 3. Processing behavioral statements.
# Error: VCP2000 Memory.sv : (82, 24): Syntax error. Unexpected token: 99001[_UNSIGNED_NUMBER]. Expected tokens: '?' , '->' , '<->' , '||' , '&&' ... .
# Compile failure 1 Errors 0 Warnings  Analysis time: 0[s].
alog -O2 -sve   -work Memory $dsn/src/Memory.sv
# Warning: The source is compiled without the -dbg switch. Line breakpoints and assertion debug will not be available.
# Compile...
# Pass 1. Scanning modules hierarchy.
# Info: VCP2113 Module \$root found in current working library.
# Pass 2. Processing instantiations.
# Pass 3. Processing behavioral statements.
# Running Optimizer.
# ELB/DAG code generating.
# Info: VCP2113 Module \$root found in current working library.
# Unit top modules: Decoder Memory_tb.
# $root top modules: Decoder Memory_tb.
# Compile success 0 Errors 0 Warnings  Analysis time: 0[s].
# done
asim -O5 +access +r +m+Memory_tb Memory_tb
# ELBREAD: Elaboration process.
# ELBREAD: Elaboration time 0.0 [s].
# asim: Stack memory: 32MB
# asim: Retval memory: 32MB
# 
# KERNEL: Main thread initiated.
# KERNEL: Kernel process initialization phase.
# KERNEL: Time resolution set to 1ps.
# ELAB2: Elaboration final pass...
# ELAB2: Create instances ...
# ELAB2: Create instances complete.
# SLP: Started
# SLP: Elaboration phase ...
# SLP: Elaboration phase ... done : 0.0 [s]
# SLP: Generation phase ...
# SLP: Generation phase ... done : 0.5 [s]
# SLP: Finished : 0.6 [s]
# SLP: 472 (99.79%) primitives and 1 (0.21%) other processes in SLP
# SLP: 906 (100.00%) signals in SLP and 0 interface signals
# ELAB2: Elaboration final pass complete - time: 0.7 [s].
# KERNEL: SLP loading done - time: 0.1 [s].
# KERNEL: Warning: You are using the Active-HDL EDU Edition. The performance of simulation is running at a reduced rate.
# KERNEL: Warning: Contact Aldec for available upgrade options - sales@aldec.com.
# KERNEL: SLP simulation initialization done - time: 0.0 [s].
# KERNEL: Kernel process initialization done.
# Allocation: Simulator allocated 5809 kB (elbread=1026 elab2=4638 kernel=145 sdf=0)
# KERNEL: ASDB file was created in location m:\IC\TFE4152_project_2022\HDL\Memory\Memory\src\wave.asdb
#  15.28, sndag 13. november 2022
#  Simulation has been initialized
#  Selected Top-Level: Memory_tb (Memory_tb)
# Waveform file 'untitled.awc' connected to 'm:/IC/TFE4152_project_2022/HDL/Memory/Memory/src/wave.asdb'.
# 4 signal(s) traced.
run
# KERNEL: Simulation has finished. There are no more test vectors to simulate.
alog -O2 -sve   -work Memory $dsn/src/Memory.sv
# Warning: The source is compiled without the -dbg switch. Line breakpoints and assertion debug will not be available.
# Compile...
# Pass 1. Scanning modules hierarchy.
# Info: VCP2113 Module \$root found in current working library.
# Pass 2. Processing instantiations.
# Pass 3. Processing behavioral statements.
# Running Optimizer.
# ELB/DAG code generating.
# Info: VCP2113 Module \$root found in current working library.
# Unit top modules: Memory_tb.
# $root top modules: Memory_tb.
# Compile success 0 Errors 0 Warnings  Analysis time: 0[s].
# done
restart
# ELBREAD: Elaboration process.
# ELBREAD: Elaboration time 0.0 [s].
# 
# KERNEL: Main thread initiated.
# KERNEL: Kernel process initialization phase.
# KERNEL: Time resolution set to 1ps.
# ELAB2: Elaboration final pass...
# ELAB2: Create instances ...
# ELAB2: Create instances complete.
# SLP: Started
# SLP: Elaboration phase ...
# SLP: Elaboration phase ... done : 0.0 [s]
# SLP: Generation phase ...
# SLP: Generation phase ... done : 0.5 [s]
# SLP: Finished : 0.6 [s]
# SLP: 483 (99.79%) primitives and 1 (0.21%) other processes in SLP
# SLP: 912 (100.00%) signals in SLP and 0 interface signals
# ELAB2: Elaboration final pass complete - time: 0.6 [s].
# KERNEL: SLP loading done - time: 0.1 [s].
# KERNEL: Warning: You are using the Active-HDL EDU Edition. The performance of simulation is running at a reduced rate.
# KERNEL: Warning: Contact Aldec for available upgrade options - sales@aldec.com.
# KERNEL: SLP simulation initialization done - time: 0.0 [s].
# KERNEL: Kernel process initialization done.
# Allocation: Simulator allocated 5809 kB (elbread=1026 elab2=4638 kernel=145 sdf=0)
# KERNEL: ASDB file was created in location m:\IC\TFE4152_project_2022\HDL\Memory\Memory\src\wave.asdb
#  15.59, sndag 13. november 2022
#  Simulation has been initialized
#  Selected Top-Level: Memory_tb (Memory_tb)
# Waveform file 'untitled.awc' connected to 'm:/IC/TFE4152_project_2022/HDL/Memory/Memory/src/wave.asdb'.
run
# KERNEL: Simulation has finished. There are no more test vectors to simulate.
